Arguments: 
  /usr/local/bin/node /usr/local/bin/yarn install

PATH: 
  /Library/Frameworks/Python.framework/Versions/3.6/bin:/Library/Frameworks/Python.framework/Versions/3.6/bin:/usr/local/php5/bin:/Users/enys/anaconda2/bin:/usr/local/bin:/usr/bin:/bin:/usr/sbin:/sbin:/Library/TeX/texbin

Yarn version: 
  1.9.4

Node version: 
  10.10.0

Platform: 
  darwin x64

Trace: 
  Error: https://registry.yarnpkg.com/@dalian%2fwidget: Not found
      at Request.params.callback [as _callback] (/usr/local/lib/node_modules/yarn/lib/cli.js:64202:18)
      at Request.self.callback (/usr/local/lib/node_modules/yarn/lib/cli.js:137468:22)
      at Request.emit (events.js:182:13)
      at Request.<anonymous> (/usr/local/lib/node_modules/yarn/lib/cli.js:138440:10)
      at Request.emit (events.js:182:13)
      at IncomingMessage.<anonymous> (/usr/local/lib/node_modules/yarn/lib/cli.js:138362:12)
      at Object.onceWrapper (events.js:273:13)
      at IncomingMessage.emit (events.js:187:15)
      at endReadableNT (_stream_readable.js:1092:12)
      at process._tickCallback (internal/process/next_tick.js:63:19)

npm manifest: 
  {
    "name": "@dalian/chart",
    "version": "0.0.1",
    "dependencies": {
      "@dalian/widget": "0.0.1"
    },
    "devDependencies": {
      "eslint": "^5.7.0",
      "webpack": "^4.25.1",
      "webpack-cli": "^3.1.2"
    },
    "scripts": {
      "lint": "./node_modules/.bin/eslint src/chart.js",
      "build": "webpack"
    }
  }

yarn manifest: 
  No manifest

Lockfile: 
  No lockfile
